c:\users\julien\source\repos\pong\pong\debug\pong.pch
c:\users\julien\source\repos\pong\pong\debug\vc141.pdb
c:\users\julien\source\repos\pong\pong\debug\vc141.idb
c:\users\julien\source\repos\pong\pong\debug\pch.obj
c:\users\julien\source\repos\pong\pong\debug\racket.obj
c:\users\julien\source\repos\pong\pong\debug\pong.obj
c:\users\julien\source\repos\pong\pong\debug\timer.obj
c:\users\julien\source\repos\pong\pong\debug\texture.obj
c:\users\julien\source\repos\pong\pong\debug\game.obj
c:\users\julien\source\repos\pong\pong\debug\dot.obj
c:\users\julien\source\repos\pong\pong\debug\dashedline.obj
c:\users\julien\source\repos\pong\pong\debug\config.obj
c:\users\julien\source\repos\pong\pong\debug\score.obj
c:\users\julien\source\repos\pong\debug\pong.exe
c:\users\julien\source\repos\pong\debug\pong.ilk
c:\users\julien\source\repos\pong\debug\pong.pdb
c:\users\julien\source\repos\pong\pong\debug\pong.res
c:\users\julien\source\repos\pong\pong\debug\ltexture.obj
c:\users\julien\source\repos\pong\pong\debug\ltimer.obj
c:\users\julien\source\repos\pong\pong\debug\game.obj.enc
c:\users\julien\source\repos\pong\pong\debug\pong.tlog\cl.command.1.tlog
c:\users\julien\source\repos\pong\pong\debug\pong.tlog\cl.read.1.tlog
c:\users\julien\source\repos\pong\pong\debug\pong.tlog\cl.write.1.tlog
c:\users\julien\source\repos\pong\pong\debug\pong.tlog\link.command.1.tlog
c:\users\julien\source\repos\pong\pong\debug\pong.tlog\link.read.1.tlog
c:\users\julien\source\repos\pong\pong\debug\pong.tlog\link.write.1.tlog
c:\users\julien\source\repos\pong\pong\debug\pong.tlog\rc.command.1.tlog
c:\users\julien\source\repos\pong\pong\debug\pong.tlog\rc.read.1.tlog
c:\users\julien\source\repos\pong\pong\debug\pong.tlog\rc.write.1.tlog
